<?xml version="1.0" encoding="UTF-8"?>
<!-- Generated by org.testng.reporters.JUnitReportReporter -->
<testsuite hostname="IN-C38Z9K3" failures="0" tests="1" name="HomePageModule.FlightBooking_2_Activity" time="17.718" errors="0" timestamp="2023-04-13T20:22:42 IST" skipped="0">
  <testcase classname="HomePageModule.FlightBooking_2_Activity" name="FlightBooking_2" time="17.718"/>
  <system-out/>
</testsuite> <!-- HomePageModule.FlightBooking_2_Activity -->
