<?xml version="1.0" encoding="UTF-8"?>
<!-- Generated by org.testng.reporters.JUnitReportReporter -->
<testsuite hostname="IN-C38Z9K3" failures="0" tests="1" name="HomePageModule.LoginActivity" time="9.138" errors="0" timestamp="2023-04-13T20:22:42 IST" skipped="0">
  <testcase classname="HomePageModule.LoginActivity" name="loginRsAcademy" time="9.138"/>
  <system-out/>
</testsuite> <!-- HomePageModule.LoginActivity -->
