<?xml version="1.0" encoding="UTF-8"?>
<!-- Generated by org.testng.reporters.JUnitReportReporter -->
<testsuite hostname="IN-C38Z9K3" failures="0" tests="1" name="HomePageModule.AddToCartActivity" time="13.657" errors="0" timestamp="2023-04-13T20:22:42 IST" skipped="0">
  <testcase classname="HomePageModule.AddToCartActivity" name="Addtocart" time="13.657"/>
  <system-out/>
</testsuite> <!-- HomePageModule.AddToCartActivity -->
