<?xml version="1.0" encoding="UTF-8"?>
<!-- Generated by org.testng.reporters.JUnitReportReporter -->
<testsuite hostname="IN-C38Z9K3" failures="0" tests="1" name="HomePageModule.SearchActivity" time="5.342" errors="0" timestamp="2023-05-08T11:54:58 IST" skipped="0">
  <testcase classname="HomePageModule.SearchActivity" name="search" time="5.342"/>
  <system-out/>
</testsuite> <!-- HomePageModule.SearchActivity -->
